<?xml version="1.0" encoding="UTF-8"?>
<!-- Generated by org.testng.reporters.JUnitReportReporter -->
<testsuite hostname="LIN25007138" failures="0" tests="2" name="TestComponent.SubmitOrderTestNG" time="32.671" errors="0" timestamp="2022-12-21T12:47:23 IST" skipped="0">
  <testcase classname="TestComponent.SubmitOrderTestNG" name="submitOrder" time="15.789"/>
  <system-out/>
  <testcase classname="TestComponent.SubmitOrderTestNG" name="submitOrder" time="16.882"/>
  <system-out/>
</testsuite> <!-- TestComponent.SubmitOrderTestNG -->
